2026-06-15 00:01:00 SRV-APP05 Microsoft-Windows-Security-Auditing 4672 Special privileges assigned to new logon. Subject: Security ID: S-1-5-21-3391179068-5381 Account Name: svc_backup Privileges: SeDebugPrivilege
2026-06-15 00:02:05 WKS-FIN07 Microsoft-Windows-Security-Auditing 4634 An account was logged off. Account Name: rgupta Logon ID: 0x5E5F0
2026-06-15 00:03:14 SRV-FILE02 Microsoft-Windows-Security-Auditing 4634 An account was logged off. Account Name: kpatel Logon ID: 0x6F68B
2026-06-15 00:04:48 WKS-ENG14 Microsoft-Windows-Security-Auditing 4624 An account was successfully logged on. Account Name: jsmith Logon ID: 0x46DA9 Logon Type: 2 Source Network Address: 172.16.5.170
2026-06-15 00:05:35 WKS-SALES22 Microsoft-Windows-Security-Auditing 4634 An account was logged off. Account Name: amehta Logon ID: 0x3CBBE
2026-06-15 00:08:17 SRV-FILE02 Microsoft-Windows-Security-Auditing 4625 An account failed to log on. Account Name: jsmith Source Network Address: 172.16.5.57 Logon Type: 3 Failure Reason: Unknown user name or bad password
2026-06-15 00:08:27 WKS-SALES22 Microsoft-Windows-Security-Auditing 4624 An account was successfully logged on. Account Name: svc_backup Logon ID: 0x8C8C2 Logon Type: 3 Source Network Address: 10.20.11.96
2026-06-15 00:09:47 WKS-ENG14 Microsoft-Windows-Security-Auditing 4688 A new process has been created. New Process Name: C:\Windows\System32\svchost.exe Creator Process Name: C:\Windows\System32\services.exe Account Name: dwilson
2026-06-15 00:10:34 SRV-DC01 Microsoft-Windows-Security-Auditing 4634 An account was logged off. Account Name: nreddy Logon ID: 0x2E29B
2026-06-15 00:11:17 WKS-FIN07 Microsoft-Windows-Security-Auditing 4624 An account was successfully logged on. Account Name: rgupta Logon ID: 0x40B60 Logon Type: 10 Source Network Address: 10.20.4.174
2026-06-15 00:13:45 WKS-FIN07 Microsoft-Windows-Security-Auditing 4625 An account failed to log on. Account Name: kpatel Source Network Address: 10.22.9.126 Logon Type: 3 Failure Reason: Unknown user name or bad password
2026-06-15 00:14:59 SRV-DC01 Microsoft-Windows-Security-Auditing 4634 An account was logged off. Account Name: svc_sql Logon ID: 0x8271F
2026-06-15 00:15:53 WKS-ENG14 Microsoft-Windows-Security-Auditing 4624 An account was successfully logged on. Account Name: lchen Logon ID: 0xD9ADF Logon Type: 10 Source Network Address: 10.20.4.90
2026-06-15 00:16:31 WKS-SALES22 Microsoft-Windows-Security-Auditing 4634 An account was logged off. Account Name: amehta Logon ID: 0x60ECD
2026-06-15 00:19:30 SRV-FILE02 Microsoft-Windows-Security-Auditing 4688 A new process has been created. New Process Name: C:\Windows\System32\svchost.exe Creator Process Name: C:\Windows\System32\services.exe Account Name: nreddy
2026-06-15 00:19:46 SRV-DC01 Microsoft-Windows-Security-Auditing 4625 An account failed to log on. Account Name: kpatel Source Network Address: 10.20.11.103 Logon Type: 3 Failure Reason: Unknown user name or bad password
2026-06-15 00:20:29 SRV-DC01 Microsoft-Windows-Security-Auditing 4634 An account was logged off. Account Name: jsmith Logon ID: 0x1A61C
2026-06-15 00:20:42 WKS-HR03 Microsoft-Windows-Security-Auditing 4634 An account was logged off. Account Name: kpatel Logon ID: 0x4E7D6
2026-06-15 00:22:23 SRV-APP05 Microsoft-Windows-Security-Auditing 4624 An account was successfully logged on. Account Name: rgupta Logon ID: 0xDC0A0 Logon Type: 3 Source Network Address: 10.21.7.85
2026-06-15 00:23:33 WKS-FIN07 Microsoft-Windows-Security-Auditing 4634 An account was logged off. Account Name: jsmith Logon ID: 0x97BEA
2026-06-15 00:26:13 SRV-FILE02 Microsoft-Windows-Security-Auditing 4625 An account failed to log on. Account Name: svc_backup Source Network Address: 10.20.11.99 Logon Type: 3 Failure Reason: Unknown user name or bad password
2026-06-15 00:27:45 SRV-DC01 Microsoft-Windows-Security-Auditing 4624 An account was successfully logged on. Account Name: lchen Logon ID: 0x987B3 Logon Type: 10 Source Network Address: 10.21.7.20
2026-06-15 00:27:59 WKS-SALES22 Microsoft-Windows-Security-Auditing 4672 Special privileges assigned to new logon. Subject: Security ID: S-1-5-21-5375461598-2275 Account Name: jsmith Privileges: SeDebugPrivilege
2026-06-15 00:28:53 SRV-APP05 Microsoft-Windows-Security-Auditing 4634 An account was logged off. Account Name: dwilson Logon ID: 0xABCEF
2026-06-15 00:30:10 WKS-SALES22 Microsoft-Windows-Security-Auditing 4624 An account was successfully logged on. Account Name: nreddy Logon ID: 0x7FF24 Logon Type: 10 Source Network Address: 10.22.9.76
2026-06-15 00:30:33 WKS-FIN07 Microsoft-Windows-Security-Auditing 4625 An account failed to log on. Account Name: svc_backup Source Network Address: 10.21.7.45 Logon Type: 3 Failure Reason: Unknown user name or bad password
2026-06-15 00:31:15 SRV-APP05 Microsoft-Windows-Security-Auditing 4634 An account was logged off. Account Name: nreddy Logon ID: 0x8E32E
2026-06-15 00:33:12 SRV-APP05 Microsoft-Windows-Security-Auditing 4624 An account was successfully logged on. Account Name: dwilson Logon ID: 0x2EF9A Logon Type: 3 Source Network Address: 10.20.4.64
2026-06-15 00:35:36 WKS-SALES22 Microsoft-Windows-Security-Auditing 4688 A new process has been created. New Process Name: C:\Windows\System32\svchost.exe Creator Process Name: C:\Windows\System32\services.exe Account Name: nreddy
2026-06-15 00:36:15 SRV-DC01 Microsoft-Windows-Security-Auditing 4634 An account was logged off. Account Name: amehta Logon ID: 0x7DBAF
2026-06-15 00:36:41 SRV-APP05 Microsoft-Windows-Security-Auditing 4625 An account failed to log on. Account Name: kpatel Source Network Address: 10.21.7.58 Logon Type: 3 Failure Reason: Unknown user name or bad password
2026-06-15 00:38:52 WKS-ENG14 Microsoft-Windows-Security-Auditing 4634 An account was logged off. Account Name: rgupta Logon ID: 0x2BF79
2026-06-15 00:40:56 SRV-DC01 Microsoft-Windows-Security-Auditing 4634 An account was logged off. Account Name: amehta Logon ID: 0xA03FB
2026-06-15 00:42:38 SRV-DC01 Microsoft-Windows-Security-Auditing 4624 An account was successfully logged on. Account Name: lchen Logon ID: 0xDF20E Logon Type: 3 Source Network Address: 10.21.7.188
2026-06-15 00:44:59 SRV-APP05 Microsoft-Windows-Security-Auditing 4634 An account was logged off. Account Name: rgupta Logon ID: 0x54E61
2026-06-15 00:47:40 WKS-FIN07 Microsoft-Windows-Security-Auditing 4625 An account failed to log on. Account Name: rgupta Source Network Address: 10.20.11.46 Logon Type: 3 Failure Reason: Unknown user name or bad password
2026-06-15 00:48:17 SRV-DC01 Microsoft-Windows-Security-Auditing 4624 An account was successfully logged on. Account Name: rgupta Logon ID: 0xDB077 Logon Type: 10 Source Network Address: 10.20.4.47
2026-06-15 00:50:22 SRV-APP05 Microsoft-Windows-Security-Auditing 4634 An account was logged off. Account Name: svc_sql Logon ID: 0x8F2FA
2026-06-15 00:52:40 SRV-APP05 Microsoft-Windows-Security-Auditing 4634 An account was logged off. Account Name: nreddy Logon ID: 0xDAF14
2026-06-15 00:53:46 SRV-DC01 Microsoft-Windows-Security-Auditing 4624 An account was successfully logged on. Account Name: svc_sql Logon ID: 0xC6C8C Logon Type: 10 Source Network Address: 172.16.5.84
2026-06-15 00:56:33 SRV-APP05 Microsoft-Windows-Security-Auditing 4625 An account failed to log on. Account Name: dwilson Source Network Address: 10.22.9.19 Logon Type: 3 Failure Reason: Unknown user name or bad password
2026-06-15 00:56:54 WKS-SALES22 Microsoft-Windows-Security-Auditing 4634 An account was logged off. Account Name: svc_sql Logon ID: 0xBA0C7
2026-06-15 00:59:52 WKS-ENG14 Microsoft-Windows-Security-Auditing 4624 An account was successfully logged on. Account Name: kpatel Logon ID: 0xAFD14 Logon Type: 2 Source Network Address: 10.21.7.131
2026-06-15 01:02:15 WKS-FIN07 Microsoft-Windows-Security-Auditing 4740 A user account was locked out. Target Account Name: kpatel Caller Computer Name: WKS-FIN07 Source Network Address: 10.22.9.11
2026-06-15 01:03:42 WKS-FIN07 Microsoft-Windows-Security-Auditing 4672 Special privileges assigned to new logon. Subject: Security ID: S-1-5-21-2232986477-2479 Account Name: dwilson Privileges: SeDebugPrivilege
2026-06-15 01:05:49 SRV-DC01 Microsoft-Windows-Security-Auditing 4625 An account failed to log on. Account Name: nreddy Source Network Address: 10.22.9.120 Logon Type: 3 Failure Reason: Unknown user name or bad password
2026-06-15 01:08:43 SRV-DC01 Microsoft-Windows-Security-Auditing 4634 An account was logged off. Account Name: tverma Logon ID: 0xE31E9
2026-06-15 01:09:00 SRV-FILE02 Microsoft-Windows-Security-Auditing 4634 An account was logged off. Account Name: jsmith Logon ID: 0x8B8BB
2026-06-15 01:09:25 SRV-APP05 Microsoft-Windows-Security-Auditing 4624 An account was successfully logged on. Account Name: nreddy Logon ID: 0xBF48D Logon Type: 2 Source Network Address: 10.21.7.156
2026-06-15 01:11:37 WKS-SALES22 Microsoft-Windows-Security-Auditing 4688 A new process has been created. New Process Name: C:\Windows\System32\svchost.exe Creator Process Name: C:\Windows\System32\services.exe Account Name: tverma
2026-06-15 01:13:29 WKS-FIN07 Microsoft-Windows-Security-Auditing 4625 An account failed to log on. Account Name: svc_sql Source Network Address: 10.21.7.184 Logon Type: 3 Failure Reason: Unknown user name or bad password
2026-06-15 01:15:28 WKS-FIN07 Microsoft-Windows-Security-Auditing 4624 An account was successfully logged on. Account Name: tverma Logon ID: 0xBDD29 Logon Type: 2 Source Network Address: 10.20.4.65
2026-06-15 01:16:05 SRV-FILE02 Microsoft-Windows-Security-Auditing 4634 An account was logged off. Account Name: svc_sql Logon ID: 0x88E7F
2026-06-15 01:18:20 SRV-DC01 Microsoft-Windows-Security-Auditing 4634 An account was logged off. Account Name: tverma Logon ID: 0xB4863
2026-06-15 01:20:23 WKS-HR03 Microsoft-Windows-Security-Auditing 4624 An account was successfully logged on. Account Name: dwilson Logon ID: 0x77DD3 Logon Type: 3 Source Network Address: 10.22.9.106
2026-06-15 01:20:51 SRV-APP05 Microsoft-Windows-Security-Auditing 4625 An account failed to log on. Account Name: dwilson Source Network Address: 172.16.5.15 Logon Type: 3 Failure Reason: Unknown user name or bad password
2026-06-15 01:21:21 SRV-APP05 Microsoft-Windows-Security-Auditing 4688 A new process has been created. New Process Name: C:\Windows\System32\svchost.exe Creator Process Name: C:\Windows\System32\services.exe Account Name: dwilson
2026-06-15 01:22:53 WKS-ENG14 Microsoft-Windows-Security-Auditing 4624 An account was successfully logged on. Account Name: amehta Logon ID: 0xA740A Logon Type: 10 Source Network Address: 10.22.9.74
2026-06-15 01:25:38 WKS-ENG14 Microsoft-Windows-Security-Auditing 4740 A user account was locked out. Target Account Name: nreddy Caller Computer Name: WKS-ENG14 Source Network Address: 10.21.7.22
2026-06-15 01:26:25 SRV-DC01 Microsoft-Windows-Security-Auditing 4634 An account was logged off. Account Name: rgupta Logon ID: 0x71F7D
2026-06-15 01:26:51 WKS-ENG14 Microsoft-Windows-Security-Auditing 4625 An account failed to log on. Account Name: svc_backup Source Network Address: 172.16.5.183 Logon Type: 3 Failure Reason: Unknown user name or bad password
2026-06-15 01:27:33 WKS-FIN07 Microsoft-Windows-Security-Auditing 4634 An account was logged off. Account Name: kpatel Logon ID: 0xA77F8
2026-06-15 01:28:53 WKS-SALES22 Microsoft-Windows-Security-Auditing 4634 An account was logged off. Account Name: dwilson Logon ID: 0xE896E
2026-06-15 01:31:42 WKS-HR03 Microsoft-Windows-Security-Auditing 4624 An account was successfully logged on. Account Name: tverma Logon ID: 0x30568 Logon Type: 10 Source Network Address: 10.22.9.132
2026-06-15 01:34:34 WKS-ENG14 Microsoft-Windows-Security-Auditing 4634 An account was logged off. Account Name: jsmith Logon ID: 0x753D3
2026-06-15 01:37:13 WKS-ENG14 Microsoft-Windows-Security-Auditing 4740 A user account was locked out. Target Account Name: rgupta Caller Computer Name: WKS-ENG14 Source Network Address: 10.21.7.244
2026-06-15 01:39:43 SRV-APP05 Microsoft-Windows-Security-Auditing 4672 Special privileges assigned to new logon. Subject: Security ID: S-1-5-21-1590838716-2264 Account Name: svc_sql Privileges: SeDebugPrivilege
2026-06-15 01:41:16 WKS-ENG14 Microsoft-Windows-Security-Auditing 4634 An account was logged off. Account Name: amehta Logon ID: 0x9A61F
2026-06-15 01:43:03 SRV-APP05 Microsoft-Windows-Security-Auditing 4634 An account was logged off. Account Name: tverma Logon ID: 0xEE346
2026-06-15 01:45:45 SRV-FILE02 Microsoft-Windows-Security-Auditing 4624 An account was successfully logged on. Account Name: tverma Logon ID: 0x2213D Logon Type: 10 Source Network Address: 10.21.7.226
2026-06-15 01:48:10 SRV-APP05 Microsoft-Windows-Security-Auditing 4625 An account failed to log on. Account Name: nreddy Source Network Address: 172.16.5.98 Logon Type: 3 Failure Reason: Unknown user name or bad password
2026-06-15 01:49:35 WKS-HR03 Microsoft-Windows-Security-Auditing 4634 An account was logged off. Account Name: rgupta Logon ID: 0x46B5E
2026-06-15 01:51:41 SRV-APP05 Microsoft-Windows-Security-Auditing 4624 An account was successfully logged on. Account Name: nreddy Logon ID: 0xE7877 Logon Type: 2 Source Network Address: 10.22.9.13
2026-06-15 01:54:00 WKS-SALES22 Microsoft-Windows-Security-Auditing 4634 An account was logged off. Account Name: dwilson Logon ID: 0xC5901
2026-06-15 01:56:44 SRV-FILE02 Microsoft-Windows-Security-Auditing 4740 A user account was locked out. Target Account Name: lchen Caller Computer Name: SRV-FILE02 Source Network Address: 172.16.5.74
2026-06-15 01:58:44 SRV-APP05 Microsoft-Windows-Security-Auditing 4625 An account failed to log on. Account Name: svc_sql Source Network Address: 172.16.5.63 Logon Type: 3 Failure Reason: Unknown user name or bad password
2026-06-15 01:59:19 WKS-ENG14 Microsoft-Windows-Security-Auditing 4634 An account was logged off. Account Name: svc_sql Logon ID: 0xEE33F
2026-06-15 01:59:58 WKS-HR03 Microsoft-Windows-Security-Auditing 4740 A user account was locked out. Target Account Name: dwilson Caller Computer Name: WKS-HR03 Source Network Address: 172.16.5.114
2026-06-15 02:02:55 WKS-SALES22 Microsoft-Windows-Security-Auditing 4624 An account was successfully logged on. Account Name: kpatel Logon ID: 0xDF9D2 Logon Type: 3 Source Network Address: 172.16.5.137
2026-06-15 02:05:51 WKS-SALES22 Microsoft-Windows-Security-Auditing 4634 An account was logged off. Account Name: rgupta Logon ID: 0xE989C
2026-06-15 02:08:22 WKS-HR03 Microsoft-Windows-Security-Auditing 4625 An account failed to log on. Account Name: nreddy Source Network Address: 10.21.7.15 Logon Type: 3 Failure Reason: Unknown user name or bad password
2026-06-15 02:09:27 SRV-FILE02 Microsoft-Windows-Security-Auditing 4624 An account was successfully logged on. Account Name: svc_sql Logon ID: 0x7771C Logon Type: 10 Source Network Address: 10.20.4.184
2026-06-15 02:11:27 SRV-APP05 Microsoft-Windows-Security-Auditing 4634 An account was logged off. Account Name: tverma Logon ID: 0xF2500
2026-06-15 02:13:32 WKS-FIN07 Microsoft-Windows-Security-Auditing 4634 An account was logged off. Account Name: kpatel Logon ID: 0x2DE2D
2026-06-15 02:14:40 SRV-APP05 Microsoft-Windows-Security-Auditing 4624 An account was successfully logged on. Account Name: rgupta Logon ID: 0x5E3FA Logon Type: 3 Source Network Address: 172.16.5.39
2026-06-15 02:16:35 SRV-APP05 Microsoft-Windows-Security-Auditing 4625 An account failed to log on. Account Name: svc_backup Source Network Address: 10.20.11.211 Logon Type: 3 Failure Reason: Unknown user name or bad password
2026-06-15 02:18:11 WKS-SALES22 Microsoft-Windows-Security-Auditing 4634 An account was logged off. Account Name: dwilson Logon ID: 0x1F3DD
2026-06-15 02:20:17 WKS-SALES22 Microsoft-Windows-Security-Auditing 4624 An account was successfully logged on. Account Name: jsmith Logon ID: 0x7DE80 Logon Type: 10 Source Network Address: 10.21.7.62
2026-06-15 02:22:09 WKS-SALES22 Microsoft-Windows-Security-Auditing 4672 Special privileges assigned to new logon. Subject: Security ID: S-1-5-21-1964386641-6221 Account Name: amehta Privileges: SeDebugPrivilege
2026-06-15 02:24:05 WKS-FIN07 Microsoft-Windows-Security-Auditing 4634 An account was logged off. Account Name: dwilson Logon ID: 0xE301E
2026-06-15 02:24:39 WKS-HR03 Microsoft-Windows-Security-Auditing 4625 An account failed to log on. Account Name: rgupta Source Network Address: 10.21.7.236 Logon Type: 3 Failure Reason: Unknown user name or bad password
2026-06-15 02:26:09 SRV-APP05 Microsoft-Windows-Security-Auditing 4688 A new process has been created. New Process Name: C:\Windows\System32\svchost.exe Creator Process Name: C:\Windows\System32\services.exe Account Name: svc_sql
2026-06-15 02:28:08 SRV-APP05 Microsoft-Windows-Security-Auditing 4634 An account was logged off. Account Name: rgupta Logon ID: 0xDAAD6
2026-06-15 02:29:38 SRV-FILE02 Microsoft-Windows-Security-Auditing 4624 An account was successfully logged on. Account Name: svc_sql Logon ID: 0x8B418 Logon Type: 10 Source Network Address: 10.20.4.233
2026-06-15 02:32:38 WKS-FIN07 Microsoft-Windows-Security-Auditing 4634 An account was logged off. Account Name: jsmith Logon ID: 0x59EE3
2026-06-15 02:33:53 WKS-HR03 Microsoft-Windows-Security-Auditing 4625 An account failed to log on. Account Name: rgupta Source Network Address: 172.16.5.137 Logon Type: 3 Failure Reason: Unknown user name or bad password
2026-06-15 02:35:38 WKS-SALES22 Microsoft-Windows-Security-Auditing 4624 An account was successfully logged on. Account Name: amehta Logon ID: 0xDF1D3 Logon Type: 3 Source Network Address: 10.20.11.79
2026-06-15 02:36:27 WKS-FIN07 Microsoft-Windows-Security-Auditing 4634 An account was logged off. Account Name: jsmith Logon ID: 0x55745
2026-06-15 02:38:38 WKS-SALES22 Microsoft-Windows-Security-Auditing 4688 A new process has been created. New Process Name: C:\Windows\System32\svchost.exe Creator Process Name: C:\Windows\System32\services.exe Account Name: nreddy
2026-06-15 02:39:05 WKS-FIN07 Microsoft-Windows-Security-Auditing 4624 An account was successfully logged on. Account Name: amehta Logon ID: 0xEE9B2 Logon Type: 3 Source Network Address: 172.16.5.139
2026-06-15 02:39:38 WKS-FIN07 Microsoft-Windows-Security-Auditing 4625 An account failed to log on. Account Name: tverma Source Network Address: 10.20.11.185 Logon Type: 3 Failure Reason: Unknown user name or bad password
2026-06-15 02:40:09 WKS-HR03 Microsoft-Windows-Security-Auditing 4634 An account was logged off. Account Name: kpatel Logon ID: 0x864C9
2026-06-15 02:40:42 WKS-FIN07 Microsoft-Windows-Security-Auditing 4624 An account was successfully logged on. Account Name: nreddy Logon ID: 0x72BC2 Logon Type: 2 Source Network Address: 172.16.5.108
2026-06-15 02:42:42 WKS-HR03 Microsoft-Windows-Security-Auditing 4634 An account was logged off. Account Name: amehta Logon ID: 0x9E6D1
2026-06-15 02:43:16 WKS-ENG14 Microsoft-Windows-Security-Auditing 4634 An account was logged off. Account Name: amehta Logon ID: 0x9F15D
2026-06-15 02:45:01 SRV-DC01 Microsoft-Windows-Security-Auditing 4625 An account failed to log on. Account Name: tverma Source Network Address: 172.16.5.143 Logon Type: 3 Failure Reason: Unknown user name or bad password
2026-06-15 02:45:44 WKS-FIN07 Microsoft-Windows-Security-Auditing 4634 An account was logged off. Account Name: svc_backup Logon ID: 0x90C4C
2026-06-15 02:48:16 WKS-FIN07 Microsoft-Windows-Security-Auditing 4634 An account was logged off. Account Name: svc_backup Logon ID: 0x77FAB
2026-06-15 02:48:41 WKS-ENG14 Microsoft-Windows-Security-Auditing 4624 An account was successfully logged on. Account Name: jsmith Logon ID: 0x73D48 Logon Type: 2 Source Network Address: 10.21.7.63
2026-06-15 02:51:21 SRV-FILE02 Microsoft-Windows-Security-Auditing 4634 An account was logged off. Account Name: amehta Logon ID: 0xDDEB1
2026-06-15 02:53:54 SRV-DC01 Microsoft-Windows-Security-Auditing 4672 Special privileges assigned to new logon. Subject: Security ID: S-1-5-21-5485387618-9945 Account Name: dwilson Privileges: SeDebugPrivilege
2026-06-15 02:56:27 WKS-ENG14 Microsoft-Windows-Security-Auditing 4624 An account was successfully logged on. Account Name: rgupta Logon ID: 0xECFE0 Logon Type: 10 Source Network Address: 10.22.9.180
2026-06-15 02:58:01 WKS-SALES22 Microsoft-Windows-Security-Auditing 4688 A new process has been created. New Process Name: C:\Windows\System32\svchost.exe Creator Process Name: C:\Windows\System32\services.exe Account Name: rgupta
2026-06-15 02:58:42 WKS-HR03 Microsoft-Windows-Security-Auditing 4634 An account was logged off. Account Name: amehta Logon ID: 0xCFB8B
2026-06-15 03:00:37 SRV-APP05 Microsoft-Windows-Security-Auditing 4624 An account was successfully logged on. Account Name: svc_sql Logon ID: 0x21E1C Logon Type: 3 Source Network Address: 10.20.11.13
2026-06-15 03:02:17 SRV-APP05 Microsoft-Windows-Security-Auditing 4625 An account failed to log on. Account Name: lchen Source Network Address: 10.21.7.240 Logon Type: 3 Failure Reason: Unknown user name or bad password
2026-06-15 03:05:17 WKS-ENG14 Microsoft-Windows-Security-Auditing 4634 An account was logged off. Account Name: tverma Logon ID: 0x7E5C0
2026-06-15 03:07:15 SRV-APP05 Microsoft-Windows-Security-Auditing 4624 An account was successfully logged on. Account Name: tverma Logon ID: 0x919AB Logon Type: 3 Source Network Address: 10.20.4.194
2026-06-15 03:07:38 SRV-FILE02 Microsoft-Windows-Security-Auditing 4634 An account was logged off. Account Name: lchen Logon ID: 0x61A89
2026-06-15 03:09:01 WKS-ENG14 Microsoft-Windows-Security-Auditing 4688 A new process has been created. New Process Name: C:\Windows\System32\svchost.exe Creator Process Name: C:\Windows\System32\services.exe Account Name: jsmith
2026-06-15 03:11:44 WKS-ENG14 Microsoft-Windows-Security-Auditing 4625 An account failed to log on. Account Name: kpatel Source Network Address: 10.21.7.113 Logon Type: 3 Failure Reason: Unknown user name or bad password
2026-06-15 03:13:13 WKS-SALES22 Microsoft-Windows-Security-Auditing 4634 An account was logged off. Account Name: svc_sql Logon ID: 0x7B652
2026-06-15 03:14:53 WKS-ENG14 Microsoft-Windows-Security-Auditing 4634 An account was logged off. Account Name: rgupta Logon ID: 0x97712
2026-06-15 03:15:29 SRV-FILE02 Microsoft-Windows-Security-Auditing 4624 An account was successfully logged on. Account Name: svc_sql Logon ID: 0x76747 Logon Type: 10 Source Network Address: 10.21.7.207
2026-06-15 03:18:06 WKS-FIN07 Microsoft-Windows-Security-Auditing 4634 An account was logged off. Account Name: svc_backup Logon ID: 0x2C9E8
2026-06-15 03:20:25 WKS-SALES22 Microsoft-Windows-Security-Auditing 4625 An account failed to log on. Account Name: nreddy Source Network Address: 10.20.11.141 Logon Type: 3 Failure Reason: Unknown user name or bad password
2026-06-15 03:21:29 WKS-ENG14 Microsoft-Windows-Security-Auditing 4624 An account was successfully logged on. Account Name: dwilson Logon ID: 0x32ADD Logon Type: 2 Source Network Address: 10.21.7.171
2026-06-15 03:22:18 WKS-ENG14 Microsoft-Windows-Security-Auditing 4634 An account was logged off. Account Name: kpatel Logon ID: 0x8A918
2026-06-15 03:25:16 SRV-DC01 Microsoft-Windows-Security-Auditing 4634 An account was logged off. Account Name: svc_backup Logon ID: 0x43133
2026-06-15 03:27:29 SRV-FILE02 Microsoft-Windows-Security-Auditing 4624 An account was successfully logged on. Account Name: svc_sql Logon ID: 0x7268F Logon Type: 3 Source Network Address: 10.20.4.188
